<?xml version="1.0" encoding="UTF-8"?>
<!-- Generated by org.testng.reporters.JUnitReportReporter -->
<testsuite hostname="Ravikant" failures="0" tests="1" name="Testng.c1" time="0.009" errors="0" timestamp="2024-06-19T10:36:34 IST" skipped="0">
  <testcase classname="Testng.c1" name="abc" time="0.009"/>
  <system-out/>
</testsuite> <!-- Testng.c1 -->
