<?xml version="1.0" encoding="UTF-8"?>
<!-- Generated by org.testng.reporters.JUnitReportReporter -->
<testsuite hostname="Ravikant" failures="0" tests="3" name="Testng.FirstTestCase" time="0.005" errors="0" timestamp="2024-06-18T22:19:19 IST" skipped="0">
  <testcase classname="Testng.FirstTestCase" name="openapp" time="0.001"/>
  <system-out/>
  <testcase classname="Testng.FirstTestCase" name="login" time="0.002"/>
  <system-out/>
  <testcase classname="Testng.FirstTestCase" name="logout" time="0.002"/>
  <system-out/>
</testsuite> <!-- Testng.FirstTestCase -->
