<?xml version="1.0" encoding="UTF-8"?>
<!-- Generated by org.testng.reporters.JUnitReportReporter -->
<testsuite hostname="Ravikant" failures="0" tests="4" name="Testng.SecondtestOrangehrm" time="12.212" errors="0" timestamp="2024-06-18T22:19:19 IST" skipped="0">
  <testcase classname="Testng.SecondtestOrangehrm" name="openapp" time="7.039"/>
  <system-out/>
  <testcase classname="Testng.SecondtestOrangehrm" name="testLogo" time="3.089"/>
  <system-out/>
  <testcase classname="Testng.SecondtestOrangehrm" name="testLogin" time="1.725"/>
  <system-out/>
  <testcase classname="Testng.SecondtestOrangehrm" name="closeApp" time="0.359"/>
  <system-out/>
</testsuite> <!-- Testng.SecondtestOrangehrm -->
